This is pdfTeX, Version 3.141592653-2.6-1.40.22 (TeX Live 2021) (preloaded format=pdflatex 2022.9.22)  30 SEP 2022 17:22
entering extended mode
 restricted \write18 enabled.
 %&-line parsing enabled.
**cours.tex
(./cours.tex
LaTeX2e <2020-10-01> patch level 4
L3 programming layer <2021-05-07>
(/usr/share/texlive/texmf-dist/tex/latex/base/article.cls
Document Class: article 2020/04/10 v1.4m Standard LaTeX document class
(/usr/share/texlive/texmf-dist/tex/latex/base/size12.clo
File: size12.clo 2020/04/10 v1.4m Standard LaTeX file (size option)
)
\c@part=\count179
\c@section=\count180
\c@subsection=\count181
\c@subsubsection=\count182
\c@paragraph=\count183
\c@subparagraph=\count184
\c@figure=\count185
\c@table=\count186
\abovecaptionskip=\skip47
\belowcaptionskip=\skip48
\bibindent=\dimen138
)
(/usr/share/texlive/texmf-dist/tex/latex/base/inputenc.sty
Package: inputenc 2020/08/01 v1.3d Input encoding file
\inpenc@prehook=\toks15
\inpenc@posthook=\toks16
)
(/usr/share/texlive/texmf-dist/tex/generic/babel/babel.sty
Package: babel 2021/04/26 3.58 The Babel package

(/usr/share/texlive/texmf-dist/tex/generic/babel/babel.def
File: babel.def 2021/04/26 3.58 Babel common definitions
\babel@savecnt=\count187
\U@D=\dimen139
\l@unhyphenated=\language3

(/usr/share/texlive/texmf-dist/tex/generic/babel/txtbabel.def)
\bbl@readstream=\read2
)
\bbl@dirlevel=\count188

(/usr/share/texlive/texmf-dist/tex/generic/babel-french/french.ldf
Language: french 2020/10/10 v3.5l French support from the babel system
Package babel Info: Hyphen rules for 'french' set to \l@nohyphenation
(babel)             (\language2). Reported on input line 87.


Package babel Warning: No hyphenation patterns were preloaded for
(babel)                the language `French' into the format.
(babel)                Please, configure your TeX system to add them and
(babel)                rebuild the format. Now I will use the patterns
(babel)                preloaded for \language=nohyphenation instead on input l
ine 87.

Package babel Info: Hyphen rules for 'acadian' set to \l@nohyphenation
(babel)             (\language2). Reported on input line 91.
Package babel Info: Hyphen rules for 'canadien' set to \l@nohyphenation
(babel)             (\language2). Reported on input line 92.
\FB@nonchar=\count189
Package babel Info: Making : an active character on input line 430.
Package babel Info: Making ; an active character on input line 431.
Package babel Info: Making ! an active character on input line 432.
Package babel Info: Making ? an active character on input line 433.
\FBguill@level=\count190
\FBold@everypar=\toks17
\FB@Mht=\dimen140
\mc@charclass=\count191
\mc@charfam=\count192
\mc@charslot=\count193
\std@mcc=\count194
\dec@mcc=\count195
\listindentFB=\dimen141
\descindentFB=\dimen142
\labelindentFB=\dimen143
\labelwidthFB=\dimen144
\leftmarginFB=\dimen145
\parindentFFN=\dimen146
\FBfnindent=\dimen147
)) (/usr/share/texlive/texmf-dist/tex/latex/carlisle/scalefnt.sty)
(/usr/share/texlive/texmf-dist/tex/latex/graphics/keyval.sty
Package: keyval 2014/10/28 v1.15 key=value parser (DPC)
\KV@toks@=\toks18
)
(/usr/share/texlive/texmf-dist/tex/latex/csquotes/csquotes.sty
Package: csquotes 2021-02-22 v5.2l context-sensitive quotations (JAW)

(/usr/share/texlive/texmf-dist/tex/latex/etoolbox/etoolbox.sty
Package: etoolbox 2020/10/05 v2.5k e-TeX tools for LaTeX (JAW)
\etb@tempcnta=\count196
)
\csq@reset=\count197
\csq@gtype=\count198
\csq@glevel=\count199
\csq@qlevel=\count266
\csq@maxlvl=\count267
\csq@tshold=\count268
\csq@ltx@everypar=\toks19

(/usr/share/texlive/texmf-dist/tex/latex/csquotes/csquotes.def
File: csquotes.def 2021-02-22 v5.2l csquotes generic definitions (JAW)
)
Package csquotes Info: Trying to load configuration file 'csquotes.cfg'...
Package csquotes Info: ... configuration file loaded successfully.

(/usr/share/texlive/texmf-dist/tex/latex/csquotes/csquotes.cfg
File: csquotes.cfg 
))
Package csquotes Info: Checking for multilingual support...
Package csquotes Info: ... found 'babel' package.
Package csquotes Info: Adjusting default style.
Package csquotes Info: Redefining alias 'default' -> 'french'.

(/usr/share/texlive/texmf-dist/tex/latex/l3backend/l3backend-pdftex.def
File: l3backend-pdftex.def 2021-05-07 L3 backend support: PDF output (pdfTeX)
\l__color_backend_stack_int=\count269
\l__pdf_internal_box=\box47
)
(./cours.aux)
\openout1 = `cours.aux'.

LaTeX Font Info:    Checking defaults for OML/cmm/m/it on input line 7.
LaTeX Font Info:    ... okay on input line 7.
LaTeX Font Info:    Checking defaults for OMS/cmsy/m/n on input line 7.
LaTeX Font Info:    ... okay on input line 7.
LaTeX Font Info:    Checking defaults for OT1/cmr/m/n on input line 7.
LaTeX Font Info:    ... okay on input line 7.
LaTeX Font Info:    Checking defaults for T1/cmr/m/n on input line 7.
LaTeX Font Info:    ... okay on input line 7.
LaTeX Font Info:    Checking defaults for TS1/cmr/m/n on input line 7.
LaTeX Font Info:    ... okay on input line 7.
LaTeX Font Info:    Checking defaults for OMX/cmex/m/n on input line 7.
LaTeX Font Info:    ... okay on input line 7.
LaTeX Font Info:    Checking defaults for U/cmr/m/n on input line 7.
LaTeX Font Info:    ... okay on input line 7.
LaTeX Info: Redefining \degres on input line 7.
LaTeX Info: Redefining \dots on input line 7.
LaTeX Info: Redefining \up on input line 7.


Package french.ldf Warning: OT1 encoding should not be used for French.
(french.ldf)                Add \usepackage[T1]{fontenc} to the preamble
(french.ldf)                of your document; reported on input line 7.

LaTeX Font Info:    External font `cmex10' loaded for size
(Font)              <14.4> on input line 9.
LaTeX Font Info:    External font `cmex10' loaded for size
(Font)              <7> on input line 9.

LaTeX Warning: No \author given.

(./cours.toc
LaTeX Font Info:    External font `cmex10' loaded for size
(Font)              <12> on input line 4.
LaTeX Font Info:    External font `cmex10' loaded for size
(Font)              <8> on input line 4.
LaTeX Font Info:    External font `cmex10' loaded for size
(Font)              <6> on input line 4.
 [1

{/usr/share/texlive/texmf-var/fonts/map/pdftex/updmap/pdftex.map}])
\tf@toc=\write3
\openout3 = `cours.toc'.

 (./s1.tex [2]
Overfull \hbox (30.38452pt too wide) in paragraph at lines 11--12
[]\OT1/cmr/m/n/12 la capacit^^Se de la parole se r^^Sealise de mani^^Rere diff^
^Serente selon les communaut^^Ses
 []


Overfull \hbox (11.12778pt too wide) in paragraph at lines 12--13
[]\OT1/cmr/m/n/12 similitudes et diff^^Serences entre fonctionnnement des langu
es (grammaire) 
 []


Overfull \hbox (0.9549pt too wide) in paragraph at lines 13--14
\OT1/cmr/m/n/12 d'autres n'en ont qu'une quinzaine) \OT1/cmr/m/it/12 combien de
 phon^^Remes au minimum
 []


Overfull \hbox (11.87639pt too wide) in paragraph at lines 17--19
[]\OT1/cmr/m/n/12 L'objectif de ce cours est de situer la linguistique par rapp
ort ^^Ra la grammaire.
 []

[3]
Overfull \hbox (6.4931pt too wide) in paragraph at lines 45--46
[]\OT1/cmr/m/n/12 questions de cours portant sur l'ensembles des chapitres (sem
aine
 []


Overfull \hbox (0.27296pt too wide) in paragraph at lines 53--53
[]\OT1/cmr/bx/n/14.4 Deux disciplines qui n'ont pas les m^emes objectives 
 []


Overfull \hbox (4.73062pt too wide) in paragraph at lines 62--63
[]\OT1/cmr/m/n/12 les livres de grammaire sont les premi^^Reres manifestations 
d'une r^^Seflexion
 []


Overfull \hbox (7.9292pt too wide) in paragraph at lines 62--63
\OT1/cmr/m/n/12 sur la langue qui n'a pas attendu la naissance de la discipline
 linguistique
 []


Overfull \hbox (19.74435pt too wide) in paragraph at lines 63--64
[]\OT1/cmr/m/n/12 les livres de grammaire fournissent un ensemble d'informatino
s constituant
 []

[4]
Overfull \hbox (0.814pt too wide) in paragraph at lines 78--79
\OT1/cmr/m/n/12 exceptions, sans pr^^Sejug^^Ses culturels, car tout syst^^Reme 
de communication
 []


Overfull \hbox (27.51233pt too wide) in paragraph at lines 94--95
\OT1/cmr/m/n/12 qui caract^^Serise et distingue l'humain des autres ^etres viva
nts, notamment
 []


Overfull \hbox (0.2265pt too wide) in paragraph at lines 101--102
\OT1/cmr/m/n/12 linguistique sont agenc^^Sees avec des r^^Regles - on a alors u
n syst^^Reme
 []

[5]
Overfull \hbox (2.90286pt too wide) in paragraph at lines 108--109
[]\OT1/cmr/m/n/12 utilisation concr^^Rete d'un syst^^Reme linguistique par un l
ocuteur donn^^Se
 []


Overfull \hbox (21.24573pt too wide) in paragraph at lines 118--119
[]\OT1/cmr/m/n/12 conversations entre amis, cours ^^Semissions de radio, discou
rs politiques...
 []


Overfull \hbox (33.45255pt too wide) in paragraph at lines 118--119
\OT1/cmr/m/n/12 (contrairement ^^Ra la grammaire pendant plusieurs sci^^Recles 
qui s'interressait
 []

[6]
Overfull \hbox (4.23763pt too wide) in paragraph at lines 146--147
[]\OT1/cmr/m/n/12 Grevisse, M. & Goosse, A. (2016). Le Bon Usage - Grammaire fr
an^^Xcaise.
 []

) (./s2.tex
Overfull \hbox (32.3117pt too wide) in paragraph at lines 4--4
[]\OT1/cmr/bx/n/14.4 Extrait 1 : Gary-Prieur (1985), \OT1/cmr/bx/it/14.4 ^^Ra p
ropos des diff^^Serences
 []


Overfull \hbox (8.02504pt too wide) in paragraph at lines 10--11
[]\OT1/cmr/m/n/12 Pr^^Sesente une perspective normative : enseigne le bon usage
 et sanctionne
 []


Overfull \hbox (9.48338pt too wide) in paragraph at lines 16--17
[][]   \OT1/cmr/m/n/12 Le nom de linguistique appara^^^Pt pour d^^Sesigner une 
d^^Semarche sp^^Secifique
 []

[7] [8] [9]
Overfull \hbox (22.58617pt too wide) in paragraph at lines 105--105
[]\OT1/cmr/bx/n/14.4 une illustration de l'opposition en usage / en mention 
 []


Overfull \hbox (7.40698pt too wide) in paragraph at lines 126--127
[]\OT1/cmr/m/n/12 Cependant tout locuteur applique les r^^Regles de sa langue e
n permanence. 
 []


Overfull \hbox (5.99313pt too wide) in paragraph at lines 131--132
[][]   \OT1/cmr/m/n/12 Ceux-l^^Ra m^emes qui en font un usage journalier [de la
 langue] l'ignorent
 []

[10] [11]
Underfull \hbox (badness 10000) in paragraph at lines 205--208

 []

[12]
Overfull \hbox (7.43755pt too wide) in paragraph at lines 222--223
[]\OT1/cmr/m/n/12 Le lien entre la forme sonore des mots et ce qu'ils signifien
t est arbitraire. 
 []


Overfull \hbox (14.52219pt too wide) in paragraph at lines 223--224
[]\OT1/cmr/m/n/12 Chaque langue peut repr^^Seseter n'import quelle significatio
n par n'importe
 []


Overfull \hbox (11.09306pt too wide) in paragraph at lines 228--229
[]\OT1/cmr/m/n/12 La naissance d'un signe linguistique est la cr^^Seation simul
tan^^See d'un signifiant
 []


Underfull \hbox (badness 10000) in paragraph at lines 232--233

 []


Overfull \hbox (6.36255pt too wide) in paragraph at lines 240--253
\OT1/cmr/m/n/12 partie seulement des signes est absolument arbitraire ; chez d'
autres
 []


Underfull \hbox (badness 10000) in paragraph at lines 255--273

 []

[13]
Overfull \hbox (5.32626pt too wide) in paragraph at lines 278--278
[]\OT1/cmr/bx/n/14.4 Tendance de toutes les langues naturelles ^^Ra ^^Sevoluer 

 []


Underfull \hbox (badness 10000) in paragraph at lines 279--280

 []


Underfull \hbox (badness 10000) in paragraph at lines 300--303

 []

[14]) [15] (./cours.aux) ) 
Here is how much of TeX's memory you used:
 2935 strings out of 480806
 44421 string characters out of 5905151
 367988 words of memory out of 6000000
 20334 multiletter control sequences out of 15000+600000
 410329 words of font info for 49 fonts, out of 8000000 for 9000
 14 hyphenation exceptions out of 8191
 40i,7n,48p,322b,424s stack positions out of 5000i,500n,10000p,200000b,80000s
</usr/share/texlive/texmf-dist/fonts/type1/public/ams
fonts/cm/cmbx12.pfb></usr/share/texlive/texmf-dist/fonts/type1/public/amsfonts/
cm/cmbxti10.pfb></usr/share/texlive/texmf-dist/fonts/type1/public/amsfonts/cm/c
mr12.pfb></usr/share/texlive/texmf-dist/fonts/type1/public/amsfonts/cm/cmr17.pf
b></usr/share/texlive/texmf-dist/fonts/type1/public/amsfonts/cm/cmr8.pfb></usr/
share/texlive/texmf-dist/fonts/type1/public/amsfonts/cm/cmsy6.pfb></usr/share/t
exlive/texmf-dist/fonts/type1/public/amsfonts/cm/cmti12.pfb>
Output written on cours.pdf (15 pages, 119668 bytes).
PDF statistics:
 81 PDF objects out of 1000 (max. 8388607)
 56 compressed objects within 1 object stream
 0 named destinations out of 1000 (max. 500000)
 1 words of extra memory for PDF output out of 10000 (max. 10000000)

